生成启动时间为 2017/12/27 22:13:07。
     1>项目“C:\cocos2d-x-2.2.5\projects\fish123\proj.win32\FishingJoy.vcxproj”在节点 2 上(Build 个目标)。
     1>PreLinkEvent:
         if not exist "C:\cocos2d-x-2.2.5\projects\fish123\proj.win32\Debug.win32\" mkdir "C:\cocos2d-x-2.2.5\projects\fish123\proj.win32\Debug.win32\"
         xcopy /Y /Q "C:\cocos2d-x-2.2.5\projects\fish123\proj.win32\..\..\..\external\libwebsockets\win32\lib\*.*" "C:\cocos2d-x-2.2.5\projects\fish123\proj.win32\Debug.win32\"
         :VCEnd
         复制了 2 个文件
       Link:
         C:\Program Files (x86)\Microsoft Visual Studio 12.0\VC\bin\link.exe /ERRORREPORT:PROMPT /OUT:"C:\cocos2d-x-2.2.5\projects\fish123\proj.win32\Debug.win32\FishingJoy.exe" /INCREMENTAL /NOLOGO /LIBPATH:"C:\cocos2d-x-2.2.5\projects\fish123\proj.win32\Debug.win32\\" libExtensions.lib libcocos2d.lib libCocosDenshion.lib opengl32.lib glew32.lib libBox2d.lib libchipmunk.lib libcurl_imp.lib pthreadVCE2.lib websockets.lib kernel32.lib user32.lib gdi32.lib winspool.lib comdlg32.lib advapi32.lib shell32.lib ole32.lib oleaut32.lib uuid.lib odbc32.lib odbccp32.lib /MANIFEST /MANIFESTUAC:"level='asInvoker' uiAccess='false'" /manifest:embed /DEBUG /PDB:"C:\cocos2d-x-2.2.5\projects\fish123\proj.win32\Debug.win32\FishingJoy.pdb" /SUBSYSTEM:WINDOWS,"5.01" /TLBID:1 /DYNAMICBASE /NXCOMPAT /IMPLIB:"C:\cocos2d-x-2.2.5\projects\fish123\proj.win32\Debug.win32\FishingJoy.lib" /MACHINE:X86 /SAFESEH Debug.win32\AppDelegate.obj
         Debug.win32\BackgroundLayer.obj
         Debug.win32\Bullet.obj
         Debug.win32\Cannon.obj
         Debug.win32\CannonLayer.obj
         Debug.win32\Counter.obj
         Debug.win32\Fish.obj
         Debug.win32\FishJoyData.obj
         Debug.win32\FishLayer.obj
         Debug.win32\FishNet.obj
         Debug.win32\GameMenuLayer.obj
         Debug.win32\GameScene.obj
         Debug.win32\GoldCounterLayer.obj
         Debug.win32\MenuLayer.obj
         Debug.win32\PanelLayer.obj
         Debug.win32\StaticData.obj
         Debug.win32\TouchLayer.obj
         Debug.win32\Weapon.obj
         Debug.win32\main.obj
         "C:\cocos2d-x-2.2.5\projects\fish123\proj.win32\Debug.win32\libcocos2d.lib"
         "C:\cocos2d-x-2.2.5\projects\fish123\proj.win32\Debug.win32\libCocosDenshion.lib"
         "C:\cocos2d-x-2.2.5\projects\fish123\proj.win32\Debug.win32\libExtensions.lib"
         "C:\cocos2d-x-2.2.5\projects\fish123\proj.win32\Debug.win32\libBox2D.lib"
         "C:\cocos2d-x-2.2.5\projects\fish123\proj.win32\Debug.win32\libchipmunk.lib"
     1>LINK : fatal error LNK1104: 无法打开文件“libExtensions.lib”
     1>已完成生成项目“C:\cocos2d-x-2.2.5\projects\fish123\proj.win32\FishingJoy.vcxproj”(Build 个目标)的操作 - 失败。

生成失败。

已用时间 00:00:00.88
